{"meta": {"format": 3, "version": "7.6.0", "timestamp": "2024-08-26T11:55:48.224828", "branch_coverage": false, "show_contexts": false}, "files": {"src/funcsql.py": {"executed_lines": [1, 36, 37, 38, 39, 40, 41, 42, 43, 46, 47, 48, 50, 51, 54, 55, 93, 106, 107, 108, 110, 112, 114, 116, 117, 118, 120, 121, 123, 124, 126, 127, 129, 131, 133, 134, 136, 138, 139, 141, 144, 145, 152, 153, 154, 156, 157, 159, 160, 162, 164, 166, 168, 170, 171, 172, 173, 178, 179, 190, 191, 195, 196, 197, 202, 203, 205, 206, 209, 210, 249, 254, 255, 256, 258, 259, 260, 261, 263, 264, 265, 266, 268, 269, 270, 274, 275, 276, 279, 281, 284, 287, 288, 319, 331, 332, 335, 336, 337, 338, 339, 341, 343, 348, 349, 350, 351, 352, 353, 354, 355, 356, 357, 359, 360, 361, 362, 363, 364, 365, 366, 367, 369, 370, 372, 408, 409, 410, 411, 412, 413, 416, 417, 418, 419, 420, 421, 424, 426, 463, 465, 466, 467, 468, 469, 470, 473, 474, 476, 477, 478, 479, 480, 481, 486, 487, 489, 510, 511, 513, 538, 540, 541, 542, 543, 544, 545, 546, 549, 553, 555, 583, 585, 586, 588, 598, 599, 601, 602, 603, 604, 605, 606, 607, 608, 610, 611, 612, 613, 614, 615, 616, 617, 619, 620, 621, 623, 624, 627, 628, 634, 635, 638, 639, 640, 641, 642, 643, 644, 645, 646, 649, 651, 652, 653, 654, 656, 657, 659, 663, 664, 666, 667, 668, 669, 670, 671, 673, 674, 676, 677, 680, 681, 690, 691, 692, 693, 696, 697, 700, 701, 703, 704, 706, 707, 708, 710, 717, 718, 720, 731, 732, 734, 738, 740, 741, 743, 747, 749, 750, 752, 756, 758, 759, 761, 765, 767, 768, 770, 774, 776, 777, 779, 783, 785, 786, 788, 789, 790, 791, 793, 794, 797, 800, 810, 811, 812, 815, 816, 817, 821, 822, 823, 824, 827, 837, 841, 842, 845, 846, 849, 857, 859, 861, 862, 863, 868, 869, 870, 879, 892, 895, 896, 897, 914, 934, 936, 938, 939, 941, 945, 947, 949, 950, 955, 958, 968, 969, 972, 975, 976, 1026, 1027, 1033, 1052, 1060, 1064, 1065, 1066, 1069, 1070, 1076, 1077, 1080, 1081, 1097, 1098, 1099, 1101, 1102, 1105, 1107, 1108, 1109, 1115, 1120, 1123, 1124, 1126, 1128, 1131, 1134, 1150, 1152, 1153, 1155, 1158, 1161, 1162, 1163, 1164, 1168, 1171, 1176, 1177, 1178, 1179, 1180, 1183, 1190, 1193, 1198, 1199, 1202, 1216, 1226, 1227, 1234, 1235, 1237, 1238, 1239, 1241, 1242, 1243, 1245, 1249, 1252, 1253, 1264, 1265, 1267, 1268, 1269, 1271, 1272, 1273, 1275, 1279, 1280, 1281, 1282, 1283, 1286, 1287, 1294, 1295, 1297, 1298, 1299, 1301, 1302, 1303, 1305, 1309], "summary": {"covered_lines": 369, "num_statements": 369, "percent_covered": 100.0, "percent_covered_display": "100", "missing_lines": 0, "excluded_lines": 86}, "missing_lines": [], "excluded_lines": [174, 175, 198, 199, 200, 271, 272, 414, 415, 422, 423, 463, 464, 471, 472, 474, 475, 482, 483, 484, 485, 538, 539, 547, 548, 550, 551, 583, 584, 601, 602, 603, 604, 605, 606, 607, 608, 609, 610, 611, 612, 613, 614, 615, 616, 617, 618, 619, 620, 621, 666, 667, 668, 669, 670, 671, 672, 673, 674, 738, 739, 747, 748, 756, 757, 765, 766, 774, 775, 783, 784, 788, 789, 790, 791, 866, 867, 1023, 1115, 1119, 1120, 1121, 1128, 1129, 1150, 1151], "functions": {"ContextAware.__enter__": {"executed_lines": [48], "summary": {"covered_lines": 1, "num_statements": 1, "percent_covered": 100.0, "percent_covered_display": "100", "missing_lines": 0, "excluded_lines": 0}, "missing_lines": [], "excluded_lines": []}, "ContextAware.__exit__": {"executed_lines": [51], "summary": {"covered_lines": 1, "num_statements": 1, "percent_covered": 100.0, "percent_covered_display": "100", "missing_lines": 0, "excluded_lines": 0}, "missing_lines": [], "excluded_lines": []}, "Table.__init__": {"executed_lines": [106, 107, 108], "summary": {"covered_lines": 3, "num_statements": 3, "percent_covered": 100.0, "percent_covered_display": "100", "missing_lines": 0, "excluded_lines": 0}, "missing_lines": [], "excluded_lines": []}, "Table.load": {"executed_lines": [112], "summary": {"covered_lines": 1, "num_statements": 1, "percent_covered": 100.0, "percent_covered_display": "100", "missing_lines": 0, "excluded_lines": 0}, "missing_lines": [], "excluded_lines": []}, "Table.column_names": {"executed_lines": [116, 117, 118], "summary": {"covered_lines": 3, "num_statements": 3, "percent_covered": 100.0, "percent_covered_display": "100", "missing_lines": 0, "excluded_lines": 0}, "missing_lines": [], "excluded_lines": []}, "Table.__iter__": {"executed_lines": [121], "summary": {"covered_lines": 1, "num_statements": 1, "percent_covered": 100.0, "percent_covered_display": "100", "missing_lines": 0, "excluded_lines": 0}, "missing_lines": [], "excluded_lines": []}, "Table.__len__": {"executed_lines": [124], "summary": {"covered_lines": 1, "num_statements": 1, "percent_covered": 100.0, "percent_covered_display": "100", "missing_lines": 0, "excluded_lines": 0}, "missing_lines": [], "excluded_lines": []}, "Table.__contains__": {"executed_lines": [127], "summary": {"covered_lines": 1, "num_statements": 1, "percent_covered": 100.0, "percent_covered_display": "100", "missing_lines": 0, "excluded_lines": 0}, "missing_lines": [], "excluded_lines": []}, "Table.alias_iter": {"executed_lines": [131], "summary": {"covered_lines": 1, "num_statements": 1, "percent_covered": 100.0, "percent_covered_display": "100", "missing_lines": 0, "excluded_lines": 0}, "missing_lines": [], "excluded_lines": []}, "Table.from_rows": {"executed_lines": [136], "summary": {"covered_lines": 1, "num_statements": 1, "percent_covered": 100.0, "percent_covered_display": "100", "missing_lines": 0, "excluded_lines": 0}, "missing_lines": [], "excluded_lines": []}, "Table.from_query": {"executed_lines": [141], "summary": {"covered_lines": 1, "num_statements": 1, "percent_covered": 100.0, "percent_covered_display": "100", "missing_lines": 0, "excluded_lines": 0}, "missing_lines": [], "excluded_lines": []}, "Row.__init__": {"executed_lines": [153, 154], "summary": {"covered_lines": 2, "num_statements": 2, "percent_covered": 100.0, "percent_covered_display": "100", "missing_lines": 0, "excluded_lines": 0}, "missing_lines": [], "excluded_lines": []}, "Row.__getattr__": {"executed_lines": [157], "summary": {"covered_lines": 1, "num_statements": 1, "percent_covered": 100.0, "percent_covered_display": "100", "missing_lines": 0, "excluded_lines": 0}, "missing_lines": [], "excluded_lines": []}, "Row.__repr__": {"executed_lines": [160], "summary": {"covered_lines": 1, "num_statements": 1, "percent_covered": 100.0, "percent_covered_display": "100", "missing_lines": 0, "excluded_lines": 0}, "missing_lines": [], "excluded_lines": []}, "Row._asdict": {"executed_lines": [164], "summary": {"covered_lines": 1, "num_statements": 1, "percent_covered": 100.0, "percent_covered_display": "100", "missing_lines": 0, "excluded_lines": 0}, "missing_lines": [], "excluded_lines": []}, "Row._values": {"executed_lines": [168], "summary": {"covered_lines": 1, "num_statements": 1, "percent_covered": 100.0, "percent_covered_display": "100", "missing_lines": 0, "excluded_lines": 0}, "missing_lines": [], "excluded_lines": []}, "Row.__eq__": {"executed_lines": [171, 172, 173], "summary": {"covered_lines": 3, "num_statements": 3, "percent_covered": 100.0, "percent_covered_display": "100", "missing_lines": 0, "excluded_lines": 2}, "missing_lines": [], "excluded_lines": [174, 175]}, "CompositeRow.__init__": {"executed_lines": [191], "summary": {"covered_lines": 1, "num_statements": 1, "percent_covered": 100.0, "percent_covered_display": "100", "missing_lines": 0, "excluded_lines": 0}, "missing_lines": [], "excluded_lines": []}, "CompositeRow.__getattr__": {"executed_lines": [196, 197], "summary": {"covered_lines": 2, "num_statements": 2, "percent_covered": 100.0, "percent_covered_display": "100", "missing_lines": 0, "excluded_lines": 3}, "missing_lines": [], "excluded_lines": [198, 199, 200]}, "CompositeRow.star": {"executed_lines": [203], "summary": {"covered_lines": 1, "num_statements": 1, "percent_covered": 100.0, "percent_covered_display": "100", "missing_lines": 0, "excluded_lines": 0}, "missing_lines": [], "excluded_lines": []}, "CompositeRow.__repr__": {"executed_lines": [206], "summary": {"covered_lines": 1, "num_statements": 1, "percent_covered": 100.0, "percent_covered_display": "100", "missing_lines": 0, "excluded_lines": 0}, "missing_lines": [], "excluded_lines": []}, "Aggregate.__init__": {"executed_lines": [254, 255, 256, 258, 259, 260, 261, 263, 264, 265, 266, 268, 269, 270], "summary": {"covered_lines": 14, "num_statements": 14, "percent_covered": 100.0, "percent_covered_display": "100", "missing_lines": 0, "excluded_lines": 2}, "missing_lines": [], "excluded_lines": [271, 272]}, "Aggregate.value": {"executed_lines": [275, 276], "summary": {"covered_lines": 2, "num_statements": 2, "percent_covered": 100.0, "percent_covered_display": "100", "missing_lines": 0, "excluded_lines": 0}, "missing_lines": [], "excluded_lines": []}, "count": {"executed_lines": [281], "summary": {"covered_lines": 1, "num_statements": 1, "percent_covered": 100.0, "percent_covered_display": "100", "missing_lines": 0, "excluded_lines": 0}, "missing_lines": [], "excluded_lines": []}, "Select.__init__": {"executed_lines": [331, 332, 335, 336, 337, 338, 339, 341, 343, 348, 349, 350, 351, 352, 353, 354, 355, 356, 357], "summary": {"covered_lines": 19, "num_statements": 19, "percent_covered": 100.0, "percent_covered_display": "100", "missing_lines": 0, "excluded_lines": 0}, "missing_lines": [], "excluded_lines": []}, "Select.clone": {"executed_lines": [360, 361, 362, 363, 364, 365, 366, 367, 369, 370], "summary": {"covered_lines": 10, "num_statements": 10, "percent_covered": 100.0, "percent_covered_display": "100", "missing_lines": 0, "excluded_lines": 0}, "missing_lines": [], "excluded_lines": []}, "Select.from_": {"executed_lines": [408, 409, 410, 411, 412, 413, 416, 417, 418, 419, 420, 421, 424], "summary": {"covered_lines": 13, "num_statements": 13, "percent_covered": 100.0, "percent_covered_display": "100", "missing_lines": 0, "excluded_lines": 4}, "missing_lines": [], "excluded_lines": [414, 415, 422, 423]}, "Select.join": {"executed_lines": [463, 465, 466, 467, 468, 469, 470, 473, 474, 476, 477, 478, 479, 480, 481, 486, 487], "summary": {"covered_lines": 15, "num_statements": 15, "percent_covered": 100.0, "percent_covered_display": "100", "missing_lines": 0, "excluded_lines": 10}, "missing_lines": [], "excluded_lines": [463, 464, 471, 472, 474, 475, 482, 483, 484, 485]}, "Select.where": {"executed_lines": [510, 511], "summary": {"covered_lines": 2, "num_statements": 2, "percent_covered": 100.0, "percent_covered_display": "100", "missing_lines": 0, "excluded_lines": 0}, "missing_lines": [], "excluded_lines": []}, "Select.group_by": {"executed_lines": [538, 540, 541, 542, 543, 544, 545, 546, 549, 553], "summary": {"covered_lines": 9, "num_statements": 9, "percent_covered": 100.0, "percent_covered_display": "100", "missing_lines": 0, "excluded_lines": 6}, "missing_lines": [], "excluded_lines": [538, 539, 547, 548, 550, 551]}, "Select.having": {"executed_lines": [583, 585, 586], "summary": {"covered_lines": 2, "num_statements": 2, "percent_covered": 100.0, "percent_covered_display": "100", "missing_lines": 0, "excluded_lines": 2}, "missing_lines": [], "excluded_lines": [583, 584]}, "Select.union": {"executed_lines": [598, 599], "summary": {"covered_lines": 2, "num_statements": 2, "percent_covered": 100.0, "percent_covered_display": "100", "missing_lines": 0, "excluded_lines": 0}, "missing_lines": [], "excluded_lines": []}, "Select.__repr__": {"executed_lines": [602, 603, 604, 605, 606, 607, 608, 610, 611, 612, 613, 614, 615, 616, 617, 619, 620, 621], "summary": {"covered_lines": 0, "num_statements": 0, "percent_covered": 100.0, "percent_covered_display": "100", "missing_lines": 0, "excluded_lines": 20}, "missing_lines": [], "excluded_lines": [602, 603, 604, 605, 606, 607, 608, 609, 610, 611, 612, 613, 614, 615, 616, 617, 618, 619, 620, 621]}, "Select.__iter__": {"executed_lines": [624], "summary": {"covered_lines": 1, "num_statements": 1, "percent_covered": 100.0, "percent_covered_display": "100", "missing_lines": 0, "excluded_lines": 0}, "missing_lines": [], "excluded_lines": []}, "Values.__init__": {"executed_lines": [635, 638, 639, 640, 641, 642, 643, 644, 645, 646, 649], "summary": {"covered_lines": 11, "num_statements": 11, "percent_covered": 100.0, "percent_covered_display": "100", "missing_lines": 0, "excluded_lines": 0}, "missing_lines": [], "excluded_lines": []}, "Values.clone": {"executed_lines": [652, 653, 654, 656, 657], "summary": {"covered_lines": 5, "num_statements": 5, "percent_covered": 100.0, "percent_covered_display": "100", "missing_lines": 0, "excluded_lines": 0}, "missing_lines": [], "excluded_lines": []}, "Values.union": {"executed_lines": [663, 664], "summary": {"covered_lines": 2, "num_statements": 2, "percent_covered": 100.0, "percent_covered_display": "100", "missing_lines": 0, "excluded_lines": 0}, "missing_lines": [], "excluded_lines": []}, "Values.__repr__": {"executed_lines": [667, 668, 669, 670, 671, 673, 674], "summary": {"covered_lines": 0, "num_statements": 0, "percent_covered": 100.0, "percent_covered_display": "100", "missing_lines": 0, "excluded_lines": 8}, "missing_lines": [], "excluded_lines": [667, 668, 669, 670, 671, 672, 673, 674]}, "Values.__iter__": {"executed_lines": [677], "summary": {"covered_lines": 1, "num_statements": 1, "percent_covered": 100.0, "percent_covered_display": "100", "missing_lines": 0, "excluded_lines": 0}, "missing_lines": [], "excluded_lines": []}, "With.__init__": {"executed_lines": [691, 692, 693, 696, 697, 700, 701], "summary": {"covered_lines": 7, "num_statements": 7, "percent_covered": 100.0, "percent_covered_display": "100", "missing_lines": 0, "excluded_lines": 0}, "missing_lines": [], "excluded_lines": []}, "With.clone": {"executed_lines": [704, 706, 707, 708], "summary": {"covered_lines": 4, "num_statements": 4, "percent_covered": 100.0, "percent_covered_display": "100", "missing_lines": 0, "excluded_lines": 0}, "missing_lines": [], "excluded_lines": []}, "With.query": {"executed_lines": [717, 718], "summary": {"covered_lines": 2, "num_statements": 2, "percent_covered": 100.0, "percent_covered_display": "100", "missing_lines": 0, "excluded_lines": 0}, "missing_lines": [], "excluded_lines": []}, "With.select": {"executed_lines": [731, 732], "summary": {"covered_lines": 2, "num_statements": 2, "percent_covered": 100.0, "percent_covered_display": "100", "missing_lines": 0, "excluded_lines": 0}, "missing_lines": [], "excluded_lines": []}, "With.from_": {"executed_lines": [738, 740, 741], "summary": {"covered_lines": 2, "num_statements": 2, "percent_covered": 100.0, "percent_covered_display": "100", "missing_lines": 0, "excluded_lines": 2}, "missing_lines": [], "excluded_lines": [738, 739]}, "With.join": {"executed_lines": [747, 749, 750], "summary": {"covered_lines": 2, "num_statements": 2, "percent_covered": 100.0, "percent_covered_display": "100", "missing_lines": 0, "excluded_lines": 2}, "missing_lines": [], "excluded_lines": [747, 748]}, "With.where": {"executed_lines": [756, 758, 759], "summary": {"covered_lines": 2, "num_statements": 2, "percent_covered": 100.0, "percent_covered_display": "100", "missing_lines": 0, "excluded_lines": 2}, "missing_lines": [], "excluded_lines": [756, 757]}, "With.group_by": {"executed_lines": [765, 767, 768], "summary": {"covered_lines": 2, "num_statements": 2, "percent_covered": 100.0, "percent_covered_display": "100", "missing_lines": 0, "excluded_lines": 2}, "missing_lines": [], "excluded_lines": [765, 766]}, "With.having": {"executed_lines": [774, 776, 777], "summary": {"covered_lines": 2, "num_statements": 2, "percent_covered": 100.0, "percent_covered_display": "100", "missing_lines": 0, "excluded_lines": 2}, "missing_lines": [], "excluded_lines": [774, 775]}, "With.union": {"executed_lines": [783, 785, 786], "summary": {"covered_lines": 2, "num_statements": 2, "percent_covered": 100.0, "percent_covered_display": "100", "missing_lines": 0, "excluded_lines": 2}, "missing_lines": [], "excluded_lines": [783, 784]}, "With.__repr__": {"executed_lines": [789, 790, 791], "summary": {"covered_lines": 0, "num_statements": 0, "percent_covered": 100.0, "percent_covered_display": "100", "missing_lines": 0, "excluded_lines": 3}, "missing_lines": [], "excluded_lines": [789, 790, 791]}, "With.__iter__": {"executed_lines": [794], "summary": {"covered_lines": 1, "num_statements": 1, "percent_covered": 100.0, "percent_covered_display": "100", "missing_lines": 0, "excluded_lines": 0}, "missing_lines": [], "excluded_lines": []}, "from_product": {"executed_lines": [810, 811, 812, 815, 816, 817, 821, 822, 823, 824], "summary": {"covered_lines": 10, "num_statements": 10, "percent_covered": 100.0, "percent_covered_display": "100", "missing_lines": 0, "excluded_lines": 0}, "missing_lines": [], "excluded_lines": []}, "where_filter": {"executed_lines": [837], "summary": {"covered_lines": 1, "num_statements": 1, "percent_covered": 100.0, "percent_covered_display": "100", "missing_lines": 0, "excluded_lines": 0}, "missing_lines": [], "excluded_lines": []}, "star_star_map": {"executed_lines": [842], "summary": {"covered_lines": 1, "num_statements": 1, "percent_covered": 100.0, "percent_covered_display": "100", "missing_lines": 0, "excluded_lines": 0}, "missing_lines": [], "excluded_lines": []}, "select_map": {"executed_lines": [857, 859, 861, 862, 863, 868, 869, 870], "summary": {"covered_lines": 8, "num_statements": 8, "percent_covered": 100.0, "percent_covered_display": "100", "missing_lines": 0, "excluded_lines": 2}, "missing_lines": [], "excluded_lines": [866, 867]}, "aggregate_map": {"executed_lines": [892, 895, 896, 897], "summary": {"covered_lines": 4, "num_statements": 4, "percent_covered": 100.0, "percent_covered_display": "100", "missing_lines": 0, "excluded_lines": 0}, "missing_lines": [], "excluded_lines": []}, "group_reduce": {"executed_lines": [934, 936, 938, 939, 941, 945, 947, 949, 950, 955], "summary": {"covered_lines": 10, "num_statements": 10, "percent_covered": 100.0, "percent_covered_display": "100", "missing_lines": 0, "excluded_lines": 0}, "missing_lines": [], "excluded_lines": []}, "having_filter": {"executed_lines": [968, 969], "summary": {"covered_lines": 2, "num_statements": 2, "percent_covered": 100.0, "percent_covered_display": "100", "missing_lines": 0, "excluded_lines": 0}, "missing_lines": [], "excluded_lines": []}, "fetch": {"executed_lines": [], "summary": {"covered_lines": 0, "num_statements": 0, "percent_covered": 100.0, "percent_covered_display": "100", "missing_lines": 0, "excluded_lines": 1}, "missing_lines": [], "excluded_lines": [1023]}, "fetch_select": {"executed_lines": [1033, 1052, 1060, 1064, 1065, 1066], "summary": {"covered_lines": 6, "num_statements": 6, "percent_covered": 100.0, "percent_covered_display": "100", "missing_lines": 0, "excluded_lines": 0}, "missing_lines": [], "excluded_lines": []}, "fetch_values": {"executed_lines": [1076, 1077], "summary": {"covered_lines": 2, "num_statements": 2, "percent_covered": 100.0, "percent_covered_display": "100", "missing_lines": 0, "excluded_lines": 0}, "missing_lines": [], "excluded_lines": []}, "fetch_with": {"executed_lines": [1097, 1098, 1099, 1101, 1102, 1105, 1107, 1108, 1109, 1115, 1120, 1123, 1124, 1126, 1128, 1131], "summary": {"covered_lines": 13, "num_statements": 13, "percent_covered": 100.0, "percent_covered_display": "100", "missing_lines": 0, "excluded_lines": 6}, "missing_lines": [], "excluded_lines": [1115, 1119, 1120, 1121, 1128, 1129]}, "fetch_recursive": {"executed_lines": [1150, 1152, 1153, 1155, 1158, 1161, 1162, 1163, 1164, 1168], "summary": {"covered_lines": 9, "num_statements": 9, "percent_covered": 100.0, "percent_covered_display": "100", "missing_lines": 0, "excluded_lines": 2}, "missing_lines": [], "excluded_lines": [1150, 1151]}, "fetch_first_value": {"executed_lines": [1176, 1177, 1178, 1179, 1180], "summary": {"covered_lines": 5, "num_statements": 5, "percent_covered": 100.0, "percent_covered_display": "100", "missing_lines": 0, "excluded_lines": 0}, "missing_lines": [], "excluded_lines": []}, "fetch_all_values": {"executed_lines": [1190], "summary": {"covered_lines": 1, "num_statements": 1, "percent_covered": 100.0, "percent_covered_display": "100", "missing_lines": 0, "excluded_lines": 0}, "missing_lines": [], "excluded_lines": []}, "fetch_table": {"executed_lines": [1198, 1199], "summary": {"covered_lines": 2, "num_statements": 2, "percent_covered": 100.0, "percent_covered_display": "100", "missing_lines": 0, "excluded_lines": 0}, "missing_lines": [], "excluded_lines": []}, "exists": {"executed_lines": [1216], "summary": {"covered_lines": 1, "num_statements": 1, "percent_covered": 100.0, "percent_covered_display": "100", "missing_lines": 0, "excluded_lines": 0}, "missing_lines": [], "excluded_lines": []}, "Insert.__init__": {"executed_lines": [1235], "summary": {"covered_lines": 1, "num_statements": 1, "percent_covered": 100.0, "percent_covered_display": "100", "missing_lines": 0, "excluded_lines": 0}, "missing_lines": [], "excluded_lines": []}, "Insert.into": {"executed_lines": [1238, 1239], "summary": {"covered_lines": 2, "num_statements": 2, "percent_covered": 100.0, "percent_covered_display": "100", "missing_lines": 0, "excluded_lines": 0}, "missing_lines": [], "excluded_lines": []}, "Insert.values": {"executed_lines": [1242, 1243], "summary": {"covered_lines": 2, "num_statements": 2, "percent_covered": 100.0, "percent_covered_display": "100", "missing_lines": 0, "excluded_lines": 0}, "missing_lines": [], "excluded_lines": []}, "Insert.__call__": {"executed_lines": [1249], "summary": {"covered_lines": 1, "num_statements": 1, "percent_covered": 100.0, "percent_covered_display": "100", "missing_lines": 0, "excluded_lines": 0}, "missing_lines": [], "excluded_lines": []}, "Update.__init__": {"executed_lines": [1265], "summary": {"covered_lines": 1, "num_statements": 1, "percent_covered": 100.0, "percent_covered_display": "100", "missing_lines": 0, "excluded_lines": 0}, "missing_lines": [], "excluded_lines": []}, "Update.set": {"executed_lines": [1268, 1269], "summary": {"covered_lines": 2, "num_statements": 2, "percent_covered": 100.0, "percent_covered_display": "100", "missing_lines": 0, "excluded_lines": 0}, "missing_lines": [], "excluded_lines": []}, "Update.where": {"executed_lines": [1272, 1273], "summary": {"covered_lines": 2, "num_statements": 2, "percent_covered": 100.0, "percent_covered_display": "100", "missing_lines": 0, "excluded_lines": 0}, "missing_lines": [], "excluded_lines": []}, "Update.__call__": {"executed_lines": [1279, 1280, 1281, 1282, 1283], "summary": {"covered_lines": 5, "num_statements": 5, "percent_covered": 100.0, "percent_covered_display": "100", "missing_lines": 0, "excluded_lines": 0}, "missing_lines": [], "excluded_lines": []}, "Delete.__init__": {"executed_lines": [1295], "summary": {"covered_lines": 1, "num_statements": 1, "percent_covered": 100.0, "percent_covered_display": "100", "missing_lines": 0, "excluded_lines": 0}, "missing_lines": [], "excluded_lines": []}, "Delete.from_": {"executed_lines": [1298, 1299], "summary": {"covered_lines": 2, "num_statements": 2, "percent_covered": 100.0, "percent_covered_display": "100", "missing_lines": 0, "excluded_lines": 0}, "missing_lines": [], "excluded_lines": []}, "Delete.where": {"executed_lines": [1302, 1303], "summary": {"covered_lines": 2, "num_statements": 2, "percent_covered": 100.0, "percent_covered_display": "100", "missing_lines": 0, "excluded_lines": 0}, "missing_lines": [], "excluded_lines": []}, "Delete.__call__": {"executed_lines": [1309], "summary": {"covered_lines": 1, "num_statements": 1, "percent_covered": 100.0, "percent_covered_display": "100", "missing_lines": 0, "excluded_lines": 0}, "missing_lines": [], "excluded_lines": []}, "": {"executed_lines": [1, 36, 37, 38, 39, 40, 41, 42, 43, 46, 47, 50, 54, 55, 93, 110, 114, 120, 123, 126, 129, 133, 134, 138, 139, 144, 145, 152, 156, 159, 162, 166, 170, 178, 179, 190, 195, 202, 205, 209, 210, 249, 274, 279, 284, 287, 288, 319, 359, 372, 426, 489, 513, 555, 588, 601, 623, 627, 628, 634, 651, 659, 666, 676, 680, 681, 690, 703, 710, 720, 734, 743, 752, 761, 770, 779, 788, 793, 797, 800, 827, 841, 845, 846, 849, 879, 914, 958, 972, 975, 976, 1026, 1027, 1069, 1070, 1080, 1081, 1134, 1171, 1183, 1193, 1202, 1226, 1227, 1234, 1237, 1241, 1245, 1252, 1253, 1264, 1267, 1271, 1275, 1286, 1287, 1294, 1297, 1301, 1305], "summary": {"covered_lines": 106, "num_statements": 106, "percent_covered": 100.0, "percent_covered_display": "100", "missing_lines": 0, "excluded_lines": 3}, "missing_lines": [], "excluded_lines": [601, 666, 788]}}, "classes": {"ContextAware": {"executed_lines": [48, 51], "summary": {"covered_lines": 2, "num_statements": 2, "percent_covered": 100.0, "percent_covered_display": "100", "missing_lines": 0, "excluded_lines": 0}, "missing_lines": [], "excluded_lines": []}, "Table": {"executed_lines": [106, 107, 108, 112, 116, 117, 118, 121, 124, 127, 131, 136, 141], "summary": {"covered_lines": 13, "num_statements": 13, "percent_covered": 100.0, "percent_covered_display": "100", "missing_lines": 0, "excluded_lines": 0}, "missing_lines": [], "excluded_lines": []}, "Row": {"executed_lines": [153, 154, 157, 160, 164, 168, 171, 172, 173], "summary": {"covered_lines": 9, "num_statements": 9, "percent_covered": 100.0, "percent_covered_display": "100", "missing_lines": 0, "excluded_lines": 2}, "missing_lines": [], "excluded_lines": [174, 175]}, "CompositeRow": {"executed_lines": [191, 196, 197, 203, 206], "summary": {"covered_lines": 5, "num_statements": 5, "percent_covered": 100.0, "percent_covered_display": "100", "missing_lines": 0, "excluded_lines": 3}, "missing_lines": [], "excluded_lines": [198, 199, 200]}, "Aggregate": {"executed_lines": [254, 255, 256, 258, 259, 260, 261, 263, 264, 265, 266, 268, 269, 270, 275, 276], "summary": {"covered_lines": 16, "num_statements": 16, "percent_covered": 100.0, "percent_covered_display": "100", "missing_lines": 0, "excluded_lines": 2}, "missing_lines": [], "excluded_lines": [271, 272]}, "Select": {"executed_lines": [331, 332, 335, 336, 337, 338, 339, 341, 343, 348, 349, 350, 351, 352, 353, 354, 355, 356, 357, 360, 361, 362, 363, 364, 365, 366, 367, 369, 370, 408, 409, 410, 411, 412, 413, 416, 417, 418, 419, 420, 421, 424, 463, 465, 466, 467, 468, 469, 470, 473, 474, 476, 477, 478, 479, 480, 481, 486, 487, 510, 511, 538, 540, 541, 542, 543, 544, 545, 546, 549, 553, 583, 585, 586, 598, 599, 602, 603, 604, 605, 606, 607, 608, 610, 611, 612, 613, 614, 615, 616, 617, 619, 620, 621, 624], "summary": {"covered_lines": 73, "num_statements": 73, "percent_covered": 100.0, "percent_covered_display": "100", "missing_lines": 0, "excluded_lines": 42}, "missing_lines": [], "excluded_lines": [414, 415, 422, 423, 463, 464, 471, 472, 474, 475, 482, 483, 484, 485, 538, 539, 547, 548, 550, 551, 583, 584, 602, 603, 604, 605, 606, 607, 608, 609, 610, 611, 612, 613, 614, 615, 616, 617, 618, 619, 620, 621]}, "Values": {"executed_lines": [635, 638, 639, 640, 641, 642, 643, 644, 645, 646, 649, 652, 653, 654, 656, 657, 663, 664, 667, 668, 669, 670, 671, 673, 674, 677], "summary": {"covered_lines": 19, "num_statements": 19, "percent_covered": 100.0, "percent_covered_display": "100", "missing_lines": 0, "excluded_lines": 8}, "missing_lines": [], "excluded_lines": [667, 668, 669, 670, 671, 672, 673, 674]}, "With": {"executed_lines": [691, 692, 693, 696, 697, 700, 701, 704, 706, 707, 708, 717, 718, 731, 732, 738, 740, 741, 747, 749, 750, 756, 758, 759, 765, 767, 768, 774, 776, 777, 783, 785, 786, 789, 790, 791, 794], "summary": {"covered_lines": 28, "num_statements": 28, "percent_covered": 100.0, "percent_covered_display": "100", "missing_lines": 0, "excluded_lines": 15}, "missing_lines": [], "excluded_lines": [738, 739, 747, 748, 756, 757, 765, 766, 774, 775, 783, 784, 789, 790, 791]}, "Insert": {"executed_lines": [1235, 1238, 1239, 1242, 1243, 1249], "summary": {"covered_lines": 6, "num_statements": 6, "percent_covered": 100.0, "percent_covered_display": "100", "missing_lines": 0, "excluded_lines": 0}, "missing_lines": [], "excluded_lines": []}, "Update": {"executed_lines": [1265, 1268, 1269, 1272, 1273, 1279, 1280, 1281, 1282, 1283], "summary": {"covered_lines": 10, "num_statements": 10, "percent_covered": 100.0, "percent_covered_display": "100", "missing_lines": 0, "excluded_lines": 0}, "missing_lines": [], "excluded_lines": []}, "Delete": {"executed_lines": [1295, 1298, 1299, 1302, 1303, 1309], "summary": {"covered_lines": 6, "num_statements": 6, "percent_covered": 100.0, "percent_covered_display": "100", "missing_lines": 0, "excluded_lines": 0}, "missing_lines": [], "excluded_lines": []}, "": {"executed_lines": [1, 36, 37, 38, 39, 40, 41, 42, 43, 46, 47, 50, 54, 55, 93, 110, 114, 120, 123, 126, 129, 133, 134, 138, 139, 144, 145, 152, 156, 159, 162, 166, 170, 178, 179, 190, 195, 202, 205, 209, 210, 249, 274, 279, 281, 284, 287, 288, 319, 359, 372, 426, 489, 513, 555, 588, 601, 623, 627, 628, 634, 651, 659, 666, 676, 680, 681, 690, 703, 710, 720, 734, 743, 752, 761, 770, 779, 788, 793, 797, 800, 810, 811, 812, 815, 816, 817, 821, 822, 823, 824, 827, 837, 841, 842, 845, 846, 849, 857, 859, 861, 862, 863, 868, 869, 870, 879, 892, 895, 896, 897, 914, 934, 936, 938, 939, 941, 945, 947, 949, 950, 955, 958, 968, 969, 972, 975, 976, 1026, 1027, 1033, 1052, 1060, 1064, 1065, 1066, 1069, 1070, 1076, 1077, 1080, 1081, 1097, 1098, 1099, 1101, 1102, 1105, 1107, 1108, 1109, 1115, 1120, 1123, 1124, 1126, 1128, 1131, 1134, 1150, 1152, 1153, 1155, 1158, 1161, 1162, 1163, 1164, 1168, 1171, 1176, 1177, 1178, 1179, 1180, 1183, 1190, 1193, 1198, 1199, 1202, 1216, 1226, 1227, 1234, 1237, 1241, 1245, 1252, 1253, 1264, 1267, 1271, 1275, 1286, 1287, 1294, 1297, 1301, 1305], "summary": {"covered_lines": 182, "num_statements": 182, "percent_covered": 100.0, "percent_covered_display": "100", "missing_lines": 0, "excluded_lines": 14}, "missing_lines": [], "excluded_lines": [601, 666, 788, 866, 867, 1023, 1115, 1119, 1120, 1121, 1128, 1129, 1150, 1151]}}}}, "totals": {"covered_lines": 369, "num_statements": 369, "percent_covered": 100.0, "percent_covered_display": "100", "missing_lines": 0, "excluded_lines": 86}}