{"meta": {"format": 2, "version": "7.5.4", "timestamp": "2024-07-15T09:10:21.682588", "branch_coverage": false, "show_contexts": false}, "files": {"src/funcsql.py": {"executed_lines": [1, 36, 37, 38, 39, 40, 41, 42, 43, 46, 47, 48, 50, 51, 54, 55, 93, 106, 107, 108, 110, 112, 114, 116, 117, 118, 120, 121, 123, 124, 126, 127, 129, 131, 133, 134, 136, 138, 139, 141, 144, 145, 152, 153, 154, 156, 157, 159, 160, 162, 164, 166, 168, 170, 171, 172, 173, 178, 179, 190, 191, 195, 196, 197, 202, 203, 205, 206, 209, 210, 249, 254, 255, 256, 258, 259, 260, 261, 263, 264, 265, 266, 268, 269, 270, 274, 275, 276, 279, 281, 284, 287, 288, 319, 331, 332, 335, 336, 337, 338, 339, 341, 343, 348, 349, 350, 351, 352, 353, 354, 355, 356, 357, 359, 360, 361, 362, 363, 364, 365, 366, 367, 369, 370, 372, 408, 409, 410, 411, 412, 413, 416, 417, 418, 419, 420, 421, 424, 426, 463, 465, 466, 467, 468, 469, 470, 473, 474, 476, 477, 478, 479, 480, 481, 486, 487, 489, 510, 511, 513, 538, 540, 541, 542, 543, 544, 545, 546, 549, 553, 555, 583, 585, 586, 588, 598, 599, 601, 602, 603, 604, 605, 606, 607, 608, 610, 611, 612, 613, 614, 615, 616, 617, 619, 620, 621, 623, 624, 627, 628, 634, 635, 638, 639, 640, 641, 642, 643, 644, 645, 646, 649, 651, 652, 653, 654, 656, 657, 659, 663, 664, 666, 667, 668, 669, 670, 671, 673, 674, 676, 677, 680, 681, 690, 691, 692, 693, 696, 697, 700, 701, 703, 704, 706, 707, 708, 710, 717, 718, 720, 731, 732, 734, 738, 740, 741, 743, 747, 749, 750, 752, 756, 758, 759, 761, 765, 767, 768, 770, 774, 776, 777, 779, 783, 785, 786, 788, 789, 790, 791, 793, 794, 797, 800, 810, 811, 812, 815, 816, 817, 821, 822, 823, 824, 827, 837, 841, 842, 845, 846, 849, 857, 859, 861, 862, 863, 868, 869, 870, 879, 892, 895, 896, 897, 914, 934, 936, 938, 939, 941, 945, 947, 949, 950, 955, 958, 968, 969, 972, 975, 976, 1026, 1027, 1033, 1052, 1060, 1064, 1065, 1066, 1069, 1070, 1076, 1077, 1080, 1081, 1097, 1098, 1099, 1101, 1102, 1105, 1107, 1108, 1109, 1115, 1120, 1123, 1124, 1126, 1128, 1131, 1134, 1150, 1152, 1153, 1155, 1158, 1161, 1162, 1163, 1164, 1168, 1171, 1176, 1177, 1178, 1179, 1180, 1183, 1190, 1193, 1198, 1199, 1202, 1216, 1226, 1227, 1234, 1235, 1237, 1238, 1239, 1241, 1242, 1243, 1245, 1249, 1252, 1253, 1264, 1265, 1267, 1268, 1269, 1271, 1272, 1273, 1275, 1279, 1280, 1281, 1282, 1283, 1286, 1287, 1294, 1295, 1297, 1298, 1299, 1301, 1302, 1303, 1305, 1309], "summary": {"covered_lines": 369, "num_statements": 369, "percent_covered": 100.0, "percent_covered_display": "100", "missing_lines": 0, "excluded_lines": 86}, "missing_lines": [], "excluded_lines": [174, 175, 198, 199, 200, 271, 272, 414, 415, 422, 423, 463, 464, 471, 472, 474, 475, 482, 483, 484, 485, 538, 539, 547, 548, 550, 551, 583, 584, 601, 602, 603, 604, 605, 606, 607, 608, 609, 610, 611, 612, 613, 614, 615, 616, 617, 618, 619, 620, 621, 666, 667, 668, 669, 670, 671, 672, 673, 674, 738, 739, 747, 748, 756, 757, 765, 766, 774, 775, 783, 784, 788, 789, 790, 791, 866, 867, 1023, 1115, 1119, 1120, 1121, 1128, 1129, 1150, 1151]}}, "totals": {"covered_lines": 369, "num_statements": 369, "percent_covered": 100.0, "percent_covered_display": "100", "missing_lines": 0, "excluded_lines": 86}}